07-Nov-2020 16:49:00.937 信息 [main] org.apache.catalina.startup.VersionLoggerListener.log Server.服务器版本:     Apache Tomcat/9.0.34
07-Nov-2020 16:49:00.951 信息 [main] org.apache.catalina.startup.VersionLoggerListener.log 服务器构建:            Apr 3 2020 12:02:52 UTC
07-Nov-2020 16:49:00.951 信息 [main] org.apache.catalina.startup.VersionLoggerListener.log 服务器版本号(：9.0.34.0
07-Nov-2020 16:49:00.952 信息 [main] org.apache.catalina.startup.VersionLoggerListener.log OS Name:               Windows 10
07-Nov-2020 16:49:00.953 信息 [main] org.apache.catalina.startup.VersionLoggerListener.log OS.版本:               10.0
07-Nov-2020 16:49:00.953 信息 [main] org.apache.catalina.startup.VersionLoggerListener.log 架构:                  amd64
07-Nov-2020 16:49:00.954 信息 [main] org.apache.catalina.startup.VersionLoggerListener.log Java 环境变量:         E:\Tjdk\Java\jdk-13.0.1
07-Nov-2020 16:49:00.955 信息 [main] org.apache.catalina.startup.VersionLoggerListener.log JVM 版本:              13.0.1+9
07-Nov-2020 16:49:00.955 信息 [main] org.apache.catalina.startup.VersionLoggerListener.log JVM.供应商:            Oracle Corporation
07-Nov-2020 16:49:00.956 信息 [main] org.apache.catalina.startup.VersionLoggerListener.log CATALINA_BASE：[E:\tomcat\apache-tomcat-9.0.34]
07-Nov-2020 16:49:00.957 信息 [main] org.apache.catalina.startup.VersionLoggerListener.log CATALINA_HOME:         E:\tomcat\apache-tomcat-9.0.34
07-Nov-2020 16:49:01.040 信息 [main] org.apache.catalina.startup.VersionLoggerListener.log 命令行参数：[--add-opens=java.base/java.lang=ALL-UNNAMED]
07-Nov-2020 16:49:01.041 信息 [main] org.apache.catalina.startup.VersionLoggerListener.log 命令行参数：[--add-opens=java.base/java.io=ALL-UNNAMED]
07-Nov-2020 16:49:01.042 信息 [main] org.apache.catalina.startup.VersionLoggerListener.log 命令行参数：[--add-opens=java.rmi/sun.rmi.transport=ALL-UNNAMED]
07-Nov-2020 16:49:01.043 信息 [main] org.apache.catalina.startup.VersionLoggerListener.log 命令行参数：[-Djava.util.logging.config.file=E:\tomcat\apache-tomcat-9.0.34\conf\logging.properties]
07-Nov-2020 16:49:01.044 信息 [main] org.apache.catalina.startup.VersionLoggerListener.log 命令行参数：[-Djava.util.logging.manager=org.apache.juli.ClassLoaderLogManager]
07-Nov-2020 16:49:01.045 信息 [main] org.apache.catalina.startup.VersionLoggerListener.log 命令行参数：[-Djdk.tls.ephemeralDHKeySize=2048]
07-Nov-2020 16:49:01.047 信息 [main] org.apache.catalina.startup.VersionLoggerListener.log 命令行参数：[-Djava.protocol.handler.pkgs=org.apache.catalina.webresources]
07-Nov-2020 16:49:01.049 信息 [main] org.apache.catalina.startup.VersionLoggerListener.log 命令行参数：[-Dignore.endorsed.dirs=]
07-Nov-2020 16:49:01.050 信息 [main] org.apache.catalina.startup.VersionLoggerListener.log 命令行参数：[-Dcatalina.base=E:\tomcat\apache-tomcat-9.0.34]
07-Nov-2020 16:49:01.051 信息 [main] org.apache.catalina.startup.VersionLoggerListener.log 命令行参数：[-Dcatalina.home=E:\tomcat\apache-tomcat-9.0.34]
07-Nov-2020 16:49:01.053 信息 [main] org.apache.catalina.startup.VersionLoggerListener.log 命令行参数：[-Djava.io.tmpdir=E:\tomcat\apache-tomcat-9.0.34\temp]
07-Nov-2020 16:49:01.055 信息 [main] org.apache.catalina.core.AprLifecycleListener.lifecycleEvent The APR based Apache Tomcat Native library which allows optimal performance in production environments was not found on the java.library.path: [E:\Tjdk\Java\jdk-13.0.1\bin;C:\Windows\Sun\Java\bin;C:\Windows\system32;C:\Windows;E:\TOracle\app\product\11.2.0\dbhome_1\bin;C:\Windows\system32;C:\Windows;C:\Windows\System32\Wbem;C:\Windows\System32\WindowsPowerShell\v1.0\;C:\Program Files\Microsoft SQL Server\Client SDK\ODBC\130\Tools\Binn\;C:\Program Files (x86)\Microsoft SQL Server\140\Tools\Binn\;C:\Program Files\Microsoft SQL Server\140\Tools\Binn\;C:\Program Files\Microsoft SQL Server\140\DTS\Binn\;C:\Program Files (x86)\Microsoft SQL Server\Client SDK\ODBC\130\Tools\Binn\;C:\Program Files (x86)\Microsoft SQL Server\140\DTS\Binn\;C:\Program Files (x86)\Microsoft SQL Server\140\Tools\Binn\ManagementStudio\;E:\Tjdk\Java\jdk-13.0.1\bin;E:\tomcat\apache-tomcat-9.0.34\bin;E:\tomcat\apache-tomcat-9.0.34\lib;;.]
07-Nov-2020 16:49:01.787 信息 [main] org.apache.coyote.AbstractProtocol.init 初始化协议处理器 ["http-nio-8080"]
07-Nov-2020 16:49:03.004 信息 [main] org.apache.catalina.startup.Catalina.load 服务器在[2,778]毫秒内初始化
07-Nov-2020 16:49:03.196 信息 [main] org.apache.catalina.core.StandardService.startInternal Starting service [Catalina]
07-Nov-2020 16:49:03.197 信息 [main] org.apache.catalina.core.StandardEngine.startInternal 正在启动 Servlet 引擎：[Apache Tomcat/9.0.34]
07-Nov-2020 16:49:03.255 信息 [main] org.apache.catalina.startup.HostConfig.deployDirectory 把web 应用程序部署到目录 [E:\tomcat\apache-tomcat-9.0.34\webapps\docs]
07-Nov-2020 16:49:04.364 信息 [main] org.apache.catalina.startup.HostConfig.deployDirectory Deployment of web application directory [E:\tomcat\apache-tomcat-9.0.34\webapps\docs] has finished in [1,110] ms
07-Nov-2020 16:49:04.365 信息 [main] org.apache.catalina.startup.HostConfig.deployDirectory 把web 应用程序部署到目录 [E:\tomcat\apache-tomcat-9.0.34\webapps\examples]
07-Nov-2020 16:49:07.379 信息 [main] org.apache.catalina.startup.HostConfig.deployDirectory Deployment of web application directory [E:\tomcat\apache-tomcat-9.0.34\webapps\examples] has finished in [3,014] ms
07-Nov-2020 16:49:07.380 信息 [main] org.apache.catalina.startup.HostConfig.deployDirectory 把web 应用程序部署到目录 [E:\tomcat\apache-tomcat-9.0.34\webapps\host-manager]
07-Nov-2020 16:49:07.513 信息 [main] org.apache.catalina.startup.HostConfig.deployDirectory Deployment of web application directory [E:\tomcat\apache-tomcat-9.0.34\webapps\host-manager] has finished in [133] ms
07-Nov-2020 16:49:07.514 信息 [main] org.apache.catalina.startup.HostConfig.deployDirectory 把web 应用程序部署到目录 [E:\tomcat\apache-tomcat-9.0.34\webapps\manager]
07-Nov-2020 16:49:07.613 信息 [main] org.apache.catalina.startup.HostConfig.deployDirectory Deployment of web application directory [E:\tomcat\apache-tomcat-9.0.34\webapps\manager] has finished in [99] ms
07-Nov-2020 16:49:07.614 信息 [main] org.apache.catalina.startup.HostConfig.deployDirectory 把web 应用程序部署到目录 [E:\tomcat\apache-tomcat-9.0.34\webapps\ROOT]
07-Nov-2020 16:49:07.695 信息 [main] org.apache.catalina.startup.HostConfig.deployDirectory Deployment of web application directory [E:\tomcat\apache-tomcat-9.0.34\webapps\ROOT] has finished in [80] ms
07-Nov-2020 16:49:07.702 信息 [main] org.apache.coyote.AbstractProtocol.start 开始协议处理句柄["http-nio-8080"]
07-Nov-2020 16:49:07.724 信息 [main] org.apache.catalina.startup.Catalina.start Server startup in [4,702] milliseconds
07-Nov-2020 16:52:37.747 信息 [main] org.apache.catalina.core.StandardServer.await A valid shutdown command was received via the shutdown port. Stopping the Server instance.
07-Nov-2020 16:52:37.748 信息 [main] org.apache.coyote.AbstractProtocol.pause Pausing ProtocolHandler ["http-nio-8080"]
07-Nov-2020 16:52:37.852 信息 [main] org.apache.catalina.core.StandardService.stopInternal 正在停止服务[Catalina]
07-Nov-2020 16:52:37.900 信息 [main] org.apache.coyote.AbstractProtocol.stop 正在停止ProtocolHandler ["http-nio-8080"]
07-Nov-2020 16:52:37.912 信息 [main] org.apache.coyote.AbstractProtocol.destroy 正在摧毁协议处理器 ["http-nio-8080"]
07-Nov-2020 16:57:42.807 信息 [main] org.apache.catalina.startup.VersionLoggerListener.log Server.服务器版本:     Apache Tomcat/9.0.34
07-Nov-2020 16:57:42.817 信息 [main] org.apache.catalina.startup.VersionLoggerListener.log 服务器构建:            Apr 3 2020 12:02:52 UTC
07-Nov-2020 16:57:42.817 信息 [main] org.apache.catalina.startup.VersionLoggerListener.log 服务器版本号(：9.0.34.0
07-Nov-2020 16:57:42.818 信息 [main] org.apache.catalina.startup.VersionLoggerListener.log OS Name:               Windows 10
07-Nov-2020 16:57:42.818 信息 [main] org.apache.catalina.startup.VersionLoggerListener.log OS.版本:               10.0
07-Nov-2020 16:57:42.819 信息 [main] org.apache.catalina.startup.VersionLoggerListener.log 架构:                  amd64
07-Nov-2020 16:57:42.819 信息 [main] org.apache.catalina.startup.VersionLoggerListener.log Java 环境变量:         E:\Tjdk\Java\jdk-13.0.1
07-Nov-2020 16:57:42.820 信息 [main] org.apache.catalina.startup.VersionLoggerListener.log JVM 版本:              13.0.1+9
07-Nov-2020 16:57:42.821 信息 [main] org.apache.catalina.startup.VersionLoggerListener.log JVM.供应商:            Oracle Corporation
07-Nov-2020 16:57:42.822 信息 [main] org.apache.catalina.startup.VersionLoggerListener.log CATALINA_BASE：[E:\tomcat\apache-tomcat-9.0.34]
07-Nov-2020 16:57:42.823 信息 [main] org.apache.catalina.startup.VersionLoggerListener.log CATALINA_HOME:         E:\tomcat\apache-tomcat-9.0.34
07-Nov-2020 16:57:42.848 信息 [main] org.apache.catalina.startup.VersionLoggerListener.log 命令行参数：[--add-opens=java.base/java.lang=ALL-UNNAMED]
07-Nov-2020 16:57:42.849 信息 [main] org.apache.catalina.startup.VersionLoggerListener.log 命令行参数：[--add-opens=java.base/java.io=ALL-UNNAMED]
07-Nov-2020 16:57:42.850 信息 [main] org.apache.catalina.startup.VersionLoggerListener.log 命令行参数：[--add-opens=java.rmi/sun.rmi.transport=ALL-UNNAMED]
07-Nov-2020 16:57:42.851 信息 [main] org.apache.catalina.startup.VersionLoggerListener.log 命令行参数：[-Djava.util.logging.config.file=E:\tomcat\apache-tomcat-9.0.34\conf\logging.properties]
07-Nov-2020 16:57:42.858 信息 [main] org.apache.catalina.startup.VersionLoggerListener.log 命令行参数：[-Djava.util.logging.manager=org.apache.juli.ClassLoaderLogManager]
07-Nov-2020 16:57:42.859 信息 [main] org.apache.catalina.startup.VersionLoggerListener.log 命令行参数：[-Djdk.tls.ephemeralDHKeySize=2048]
07-Nov-2020 16:57:42.863 信息 [main] org.apache.catalina.startup.VersionLoggerListener.log 命令行参数：[-Djava.protocol.handler.pkgs=org.apache.catalina.webresources]
07-Nov-2020 16:57:42.864 信息 [main] org.apache.catalina.startup.VersionLoggerListener.log 命令行参数：[-Dignore.endorsed.dirs=]
07-Nov-2020 16:57:42.865 信息 [main] org.apache.catalina.startup.VersionLoggerListener.log 命令行参数：[-Dcatalina.base=E:\tomcat\apache-tomcat-9.0.34]
07-Nov-2020 16:57:42.867 信息 [main] org.apache.catalina.startup.VersionLoggerListener.log 命令行参数：[-Dcatalina.home=E:\tomcat\apache-tomcat-9.0.34]
07-Nov-2020 16:57:42.869 信息 [main] org.apache.catalina.startup.VersionLoggerListener.log 命令行参数：[-Djava.io.tmpdir=E:\tomcat\apache-tomcat-9.0.34\temp]
07-Nov-2020 16:57:42.871 信息 [main] org.apache.catalina.core.AprLifecycleListener.lifecycleEvent The APR based Apache Tomcat Native library which allows optimal performance in production environments was not found on the java.library.path: [E:\Tjdk\Java\jdk-13.0.1\bin;C:\Windows\Sun\Java\bin;C:\Windows\system32;C:\Windows;E:\TOracle\app\product\11.2.0\dbhome_1\bin;C:\Windows\system32;C:\Windows;C:\Windows\System32\Wbem;C:\Windows\System32\WindowsPowerShell\v1.0\;C:\Program Files\Microsoft SQL Server\Client SDK\ODBC\130\Tools\Binn\;C:\Program Files (x86)\Microsoft SQL Server\140\Tools\Binn\;C:\Program Files\Microsoft SQL Server\140\Tools\Binn\;C:\Program Files\Microsoft SQL Server\140\DTS\Binn\;C:\Program Files (x86)\Microsoft SQL Server\Client SDK\ODBC\130\Tools\Binn\;C:\Program Files (x86)\Microsoft SQL Server\140\DTS\Binn\;C:\Program Files (x86)\Microsoft SQL Server\140\Tools\Binn\ManagementStudio\;E:\Tjdk\Java\jdk-13.0.1\bin;E:\tomcat\apache-tomcat-9.0.34\bin;E:\tomcat\apache-tomcat-9.0.34\lib;;.]
07-Nov-2020 16:57:43.488 信息 [main] org.apache.coyote.AbstractProtocol.init 初始化协议处理器 ["http-nio-8080"]
07-Nov-2020 16:57:43.748 信息 [main] org.apache.catalina.startup.Catalina.load 服务器在[1,457]毫秒内初始化
07-Nov-2020 16:57:43.835 信息 [main] org.apache.catalina.core.StandardService.startInternal Starting service [Catalina]
07-Nov-2020 16:57:43.836 信息 [main] org.apache.catalina.core.StandardEngine.startInternal 正在启动 Servlet 引擎：[Apache Tomcat/9.0.34]
07-Nov-2020 16:57:43.854 信息 [main] org.apache.catalina.startup.HostConfig.deployDirectory 把web 应用程序部署到目录 [E:\tomcat\apache-tomcat-9.0.34\webapps\docs]
07-Nov-2020 16:57:44.508 信息 [main] org.apache.catalina.startup.HostConfig.deployDirectory Deployment of web application directory [E:\tomcat\apache-tomcat-9.0.34\webapps\docs] has finished in [654] ms
07-Nov-2020 16:57:44.510 信息 [main] org.apache.catalina.startup.HostConfig.deployDirectory 把web 应用程序部署到目录 [E:\tomcat\apache-tomcat-9.0.34\webapps\examples]
07-Nov-2020 16:57:45.175 信息 [main] org.apache.catalina.startup.HostConfig.deployDirectory Deployment of web application directory [E:\tomcat\apache-tomcat-9.0.34\webapps\examples] has finished in [665] ms
07-Nov-2020 16:57:45.177 信息 [main] org.apache.catalina.startup.HostConfig.deployDirectory 把web 应用程序部署到目录 [E:\tomcat\apache-tomcat-9.0.34\webapps\host-manager]
07-Nov-2020 16:57:45.246 信息 [main] org.apache.catalina.startup.HostConfig.deployDirectory Deployment of web application directory [E:\tomcat\apache-tomcat-9.0.34\webapps\host-manager] has finished in [69] ms
07-Nov-2020 16:57:45.250 信息 [main] org.apache.catalina.startup.HostConfig.deployDirectory 把web 应用程序部署到目录 [E:\tomcat\apache-tomcat-9.0.34\webapps\manager]
07-Nov-2020 16:57:45.320 信息 [main] org.apache.catalina.startup.HostConfig.deployDirectory Deployment of web application directory [E:\tomcat\apache-tomcat-9.0.34\webapps\manager] has finished in [71] ms
07-Nov-2020 16:57:45.321 信息 [main] org.apache.catalina.startup.HostConfig.deployDirectory 把web 应用程序部署到目录 [E:\tomcat\apache-tomcat-9.0.34\webapps\ROOT]
07-Nov-2020 16:57:45.365 信息 [main] org.apache.catalina.startup.HostConfig.deployDirectory Deployment of web application directory [E:\tomcat\apache-tomcat-9.0.34\webapps\ROOT] has finished in [43] ms
07-Nov-2020 16:57:45.366 信息 [main] org.apache.catalina.startup.HostConfig.deployDirectory 把web 应用程序部署到目录 [E:\tomcat\apache-tomcat-9.0.34\webapps\Tstx]
07-Nov-2020 16:57:45.472 信息 [main] org.apache.catalina.startup.HostConfig.deployDirectory Deployment of web application directory [E:\tomcat\apache-tomcat-9.0.34\webapps\Tstx] has finished in [107] ms
07-Nov-2020 16:57:45.480 信息 [main] org.apache.coyote.AbstractProtocol.start 开始协议处理句柄["http-nio-8080"]
07-Nov-2020 16:57:45.499 信息 [main] org.apache.catalina.startup.Catalina.start Server startup in [1,749] milliseconds
07-Nov-2020 17:08:08.223 信息 [main] org.apache.catalina.core.StandardServer.await A valid shutdown command was received via the shutdown port. Stopping the Server instance.
07-Nov-2020 17:08:08.225 信息 [main] org.apache.coyote.AbstractProtocol.pause Pausing ProtocolHandler ["http-nio-8080"]
07-Nov-2020 17:08:08.294 信息 [main] org.apache.catalina.core.StandardService.stopInternal 正在停止服务[Catalina]
07-Nov-2020 17:08:08.358 信息 [main] org.apache.coyote.AbstractProtocol.stop 正在停止ProtocolHandler ["http-nio-8080"]
07-Nov-2020 17:08:08.375 信息 [main] org.apache.coyote.AbstractProtocol.destroy 正在摧毁协议处理器 ["http-nio-8080"]
07-Nov-2020 17:09:28.514 信息 [main] org.apache.catalina.startup.VersionLoggerListener.log Server.服务器版本:     Apache Tomcat/9.0.34
07-Nov-2020 17:09:28.524 信息 [main] org.apache.catalina.startup.VersionLoggerListener.log 服务器构建:            Apr 3 2020 12:02:52 UTC
07-Nov-2020 17:09:28.524 信息 [main] org.apache.catalina.startup.VersionLoggerListener.log 服务器版本号(：9.0.34.0
07-Nov-2020 17:09:28.525 信息 [main] org.apache.catalina.startup.VersionLoggerListener.log OS Name:               Windows 10
07-Nov-2020 17:09:28.531 信息 [main] org.apache.catalina.startup.VersionLoggerListener.log OS.版本:               10.0
07-Nov-2020 17:09:28.532 信息 [main] org.apache.catalina.startup.VersionLoggerListener.log 架构:                  amd64
07-Nov-2020 17:09:28.532 信息 [main] org.apache.catalina.startup.VersionLoggerListener.log Java 环境变量:         E:\Tjdk\Java\jdk-13.0.1
07-Nov-2020 17:09:28.533 信息 [main] org.apache.catalina.startup.VersionLoggerListener.log JVM 版本:              13.0.1+9
07-Nov-2020 17:09:28.533 信息 [main] org.apache.catalina.startup.VersionLoggerListener.log JVM.供应商:            Oracle Corporation
07-Nov-2020 17:09:28.534 信息 [main] org.apache.catalina.startup.VersionLoggerListener.log CATALINA_BASE：[E:\tomcat\apache-tomcat-9.0.34]
07-Nov-2020 17:09:28.534 信息 [main] org.apache.catalina.startup.VersionLoggerListener.log CATALINA_HOME:         E:\tomcat\apache-tomcat-9.0.34
07-Nov-2020 17:09:28.559 信息 [main] org.apache.catalina.startup.VersionLoggerListener.log 命令行参数：[--add-opens=java.base/java.lang=ALL-UNNAMED]
07-Nov-2020 17:09:28.561 信息 [main] org.apache.catalina.startup.VersionLoggerListener.log 命令行参数：[--add-opens=java.base/java.io=ALL-UNNAMED]
07-Nov-2020 17:09:28.562 信息 [main] org.apache.catalina.startup.VersionLoggerListener.log 命令行参数：[--add-opens=java.rmi/sun.rmi.transport=ALL-UNNAMED]
07-Nov-2020 17:09:28.563 信息 [main] org.apache.catalina.startup.VersionLoggerListener.log 命令行参数：[-Djava.util.logging.config.file=E:\tomcat\apache-tomcat-9.0.34\conf\logging.properties]
07-Nov-2020 17:09:28.564 信息 [main] org.apache.catalina.startup.VersionLoggerListener.log 命令行参数：[-Djava.util.logging.manager=org.apache.juli.ClassLoaderLogManager]
07-Nov-2020 17:09:28.565 信息 [main] org.apache.catalina.startup.VersionLoggerListener.log 命令行参数：[-Djdk.tls.ephemeralDHKeySize=2048]
07-Nov-2020 17:09:28.567 信息 [main] org.apache.catalina.startup.VersionLoggerListener.log 命令行参数：[-Djava.protocol.handler.pkgs=org.apache.catalina.webresources]
07-Nov-2020 17:09:28.569 信息 [main] org.apache.catalina.startup.VersionLoggerListener.log 命令行参数：[-Dignore.endorsed.dirs=]
07-Nov-2020 17:09:28.571 信息 [main] org.apache.catalina.startup.VersionLoggerListener.log 命令行参数：[-Dcatalina.base=E:\tomcat\apache-tomcat-9.0.34]
07-Nov-2020 17:09:28.572 信息 [main] org.apache.catalina.startup.VersionLoggerListener.log 命令行参数：[-Dcatalina.home=E:\tomcat\apache-tomcat-9.0.34]
07-Nov-2020 17:09:28.574 信息 [main] org.apache.catalina.startup.VersionLoggerListener.log 命令行参数：[-Djava.io.tmpdir=E:\tomcat\apache-tomcat-9.0.34\temp]
07-Nov-2020 17:09:28.575 信息 [main] org.apache.catalina.core.AprLifecycleListener.lifecycleEvent The APR based Apache Tomcat Native library which allows optimal performance in production environments was not found on the java.library.path: [E:\Tjdk\Java\jdk-13.0.1\bin;C:\Windows\Sun\Java\bin;C:\Windows\system32;C:\Windows;E:\TOracle\app\product\11.2.0\dbhome_1\bin;C:\Windows\system32;C:\Windows;C:\Windows\System32\Wbem;C:\Windows\System32\WindowsPowerShell\v1.0\;C:\Program Files\Microsoft SQL Server\Client SDK\ODBC\130\Tools\Binn\;C:\Program Files (x86)\Microsoft SQL Server\140\Tools\Binn\;C:\Program Files\Microsoft SQL Server\140\Tools\Binn\;C:\Program Files\Microsoft SQL Server\140\DTS\Binn\;C:\Program Files (x86)\Microsoft SQL Server\Client SDK\ODBC\130\Tools\Binn\;C:\Program Files (x86)\Microsoft SQL Server\140\DTS\Binn\;C:\Program Files (x86)\Microsoft SQL Server\140\Tools\Binn\ManagementStudio\;E:\Tjdk\Java\jdk-13.0.1\bin;E:\tomcat\apache-tomcat-9.0.34\bin;E:\tomcat\apache-tomcat-9.0.34\lib;;.]
07-Nov-2020 17:09:29.207 信息 [main] org.apache.coyote.AbstractProtocol.init 初始化协议处理器 ["http-nio-8080"]
07-Nov-2020 17:09:29.478 信息 [main] org.apache.catalina.startup.Catalina.load 服务器在[1,451]毫秒内初始化
07-Nov-2020 17:09:29.574 信息 [main] org.apache.catalina.core.StandardService.startInternal Starting service [Catalina]
07-Nov-2020 17:09:29.576 信息 [main] org.apache.catalina.core.StandardEngine.startInternal 正在启动 Servlet 引擎：[Apache Tomcat/9.0.34]
07-Nov-2020 17:09:29.594 信息 [main] org.apache.catalina.startup.HostConfig.deployDirectory 把web 应用程序部署到目录 [E:\tomcat\apache-tomcat-9.0.34\webapps\docs]
07-Nov-2020 17:09:30.301 信息 [main] org.apache.catalina.startup.HostConfig.deployDirectory Deployment of web application directory [E:\tomcat\apache-tomcat-9.0.34\webapps\docs] has finished in [707] ms
07-Nov-2020 17:09:30.302 信息 [main] org.apache.catalina.startup.HostConfig.deployDirectory 把web 应用程序部署到目录 [E:\tomcat\apache-tomcat-9.0.34\webapps\examples]
07-Nov-2020 17:09:31.136 信息 [main] org.apache.catalina.startup.HostConfig.deployDirectory Deployment of web application directory [E:\tomcat\apache-tomcat-9.0.34\webapps\examples] has finished in [833] ms
07-Nov-2020 17:09:31.138 信息 [main] org.apache.catalina.startup.HostConfig.deployDirectory 把web 应用程序部署到目录 [E:\tomcat\apache-tomcat-9.0.34\webapps\host-manager]
07-Nov-2020 17:09:31.230 信息 [main] org.apache.catalina.startup.HostConfig.deployDirectory Deployment of web application directory [E:\tomcat\apache-tomcat-9.0.34\webapps\host-manager] has finished in [92] ms
07-Nov-2020 17:09:31.231 信息 [main] org.apache.catalina.startup.HostConfig.deployDirectory 把web 应用程序部署到目录 [E:\tomcat\apache-tomcat-9.0.34\webapps\manager]
07-Nov-2020 17:09:31.304 信息 [main] org.apache.catalina.startup.HostConfig.deployDirectory Deployment of web application directory [E:\tomcat\apache-tomcat-9.0.34\webapps\manager] has finished in [73] ms
07-Nov-2020 17:09:31.306 信息 [main] org.apache.catalina.startup.HostConfig.deployDirectory 把web 应用程序部署到目录 [E:\tomcat\apache-tomcat-9.0.34\webapps\ROOT]
07-Nov-2020 17:09:31.360 信息 [main] org.apache.catalina.startup.HostConfig.deployDirectory Deployment of web application directory [E:\tomcat\apache-tomcat-9.0.34\webapps\ROOT] has finished in [54] ms
07-Nov-2020 17:09:31.361 信息 [main] org.apache.catalina.startup.HostConfig.deployDirectory 把web 应用程序部署到目录 [E:\tomcat\apache-tomcat-9.0.34\webapps\Tstx]
07-Nov-2020 17:09:31.430 信息 [main] org.apache.catalina.startup.HostConfig.deployDirectory Deployment of web application directory [E:\tomcat\apache-tomcat-9.0.34\webapps\Tstx] has finished in [69] ms
07-Nov-2020 17:09:31.441 信息 [main] org.apache.coyote.AbstractProtocol.start 开始协议处理句柄["http-nio-8080"]
07-Nov-2020 17:09:31.460 信息 [main] org.apache.catalina.startup.Catalina.start Server startup in [1,980] milliseconds
07-Nov-2020 18:23:26.672 信息 [main] org.apache.catalina.core.StandardServer.await A valid shutdown command was received via the shutdown port. Stopping the Server instance.
07-Nov-2020 18:23:26.681 信息 [main] org.apache.coyote.AbstractProtocol.pause Pausing ProtocolHandler ["http-nio-8080"]
07-Nov-2020 18:23:26.749 信息 [main] org.apache.catalina.core.StandardService.stopInternal 正在停止服务[Catalina]
07-Nov-2020 18:23:26.798 信息 [main] org.apache.coyote.AbstractProtocol.stop 正在停止ProtocolHandler ["http-nio-8080"]
07-Nov-2020 18:23:26.804 信息 [main] org.apache.coyote.AbstractProtocol.destroy 正在摧毁协议处理器 ["http-nio-8080"]
